{"level":"warn","message":"API rate limiter is temporarily disabled","service":"letscrack-backend","timestamp":"2026-05-12 13:20:57"}
{"level":"info","message":"Connected to Redis","service":"letscrack-backend","timestamp":"2026-05-12 13:20:57"}
{"level":"info","message":"MongoDB Connected: localhost","service":"letscrack-backend","timestamp":"2026-05-12 13:20:57"}
{"level":"info","message":"Retention purge worker scheduled: 0 * * * *","service":"letscrack-backend","timestamp":"2026-05-12 13:20:57"}
{"level":"info","message":"Server is running in development mode on port 4000","service":"letscrack-backend","timestamp":"2026-05-12 13:20:57"}
{"level":"info","message":"API Documentation at http://localhost:4000/api-docs","service":"letscrack-backend","timestamp":"2026-05-12 13:20:57"}
{"level":"info","message":"GraphQL Playground at http://localhost:4000/graphql","service":"letscrack-backend","timestamp":"2026-05-12 13:20:57"}
{"level":"info","message":"User connected to socket: 69faf200edb3feccd209174c","service":"letscrack-backend","timestamp":"2026-05-12 13:29:03"}
{"level":"warn","message":"API rate limiter is temporarily disabled","service":"letscrack-backend","timestamp":"2026-05-12 13:32:14"}
{"level":"info","message":"Connected to Redis","service":"letscrack-backend","timestamp":"2026-05-12 13:32:15"}
{"level":"info","message":"MongoDB Connected: localhost","service":"letscrack-backend","timestamp":"2026-05-12 13:32:15"}
{"level":"info","message":"Retention purge worker scheduled: 0 * * * *","service":"letscrack-backend","timestamp":"2026-05-12 13:32:15"}
{"level":"info","message":"Server is running in development mode on port 4000","service":"letscrack-backend","timestamp":"2026-05-12 13:32:15"}
{"level":"info","message":"API Documentation at http://localhost:4000/api-docs","service":"letscrack-backend","timestamp":"2026-05-12 13:32:15"}
{"level":"info","message":"GraphQL Playground at http://localhost:4000/graphql","service":"letscrack-backend","timestamp":"2026-05-12 13:32:15"}
{"level":"info","message":"User connected to socket: 69faf200edb3feccd209174c","service":"letscrack-backend","timestamp":"2026-05-12 13:32:18"}
{"level":"info","message":"User connected to socket: 69faf200edb3feccd209174c","service":"letscrack-backend","timestamp":"2026-05-12 13:33:53"}
{"level":"info","message":"User disconnected from socket: 69faf200edb3feccd209174c","service":"letscrack-backend","timestamp":"2026-05-12 13:34:07"}
{"level":"info","message":"[DEBUG] Writing getTask payload: {\n  testSetId: new ObjectId('69faea87abf221fae0f7e325'),\n  hasInstructions: true,\n  writingVideo: 'https://res.cloudinary.com/dn8rrk9jq/video/upload/v1778054320/lce-question-media/qdxikzddi9d9hvy3231t.mp4',\n  taskVideo: undefined\n}","service":"letscrack-backend","timestamp":"2026-05-12 13:34:17"}
{"level":"info","message":"[DEBUG] Writing getTask payload: {\n  testSetId: new ObjectId('69faea87abf221fae0f7e325'),\n  hasInstructions: true,\n  writingVideo: 'https://res.cloudinary.com/dn8rrk9jq/video/upload/v1778054320/lce-question-media/qdxikzddi9d9hvy3231t.mp4',\n  taskVideo: undefined\n}","service":"letscrack-backend","timestamp":"2026-05-12 13:34:17"}
{"level":"info","message":"Processing AI grading for Session 6a02df012f881b44e6c81090, writing Task 1 ","service":"letscrack-backend","timestamp":"2026-05-12 13:34:28"}
{"level":"info","message":"Starting Unified CELPIP writing grading (task 1)...","service":"letscrack-backend","timestamp":"2026-05-12 13:34:28"}
{"level":"info","message":"[DEBUG] Writing getTask payload: {\n  testSetId: new ObjectId('69faea87abf221fae0f7e325'),\n  hasInstructions: true,\n  writingVideo: 'https://res.cloudinary.com/dn8rrk9jq/video/upload/v1778054320/lce-question-media/qdxikzddi9d9hvy3231t.mp4',\n  taskVideo: undefined\n}","service":"letscrack-backend","timestamp":"2026-05-12 13:34:28"}
{"level":"info","message":"Processing AI grading for Session 6a02df012f881b44e6c81090, writing Task 2 ","service":"letscrack-backend","timestamp":"2026-05-12 13:34:31"}
{"level":"info","message":"Starting Unified CELPIP writing grading (task 2)...","service":"letscrack-backend","timestamp":"2026-05-12 13:34:31"}
{"level":"info","message":"User connected to socket: 69faf200edb3feccd209174c","service":"letscrack-backend","timestamp":"2026-05-12 13:34:31"}
{"level":"info","message":"Unified CELPIP AI Writing grading completed successfully","service":"letscrack-backend","timestamp":"2026-05-12 13:34:39"}
{"level":"info","message":"AI Grading successful for Session 6a02df012f881b44e6c81090, writing Task 1","service":"letscrack-backend","timestamp":"2026-05-12 13:34:39"}
{"level":"info","message":"Grading job 77 completed","service":"letscrack-backend","timestamp":"2026-05-12 13:34:39"}
{"level":"info","message":"Unified CELPIP AI Writing grading completed successfully","service":"letscrack-backend","timestamp":"2026-05-12 13:34:40"}
{"level":"info","message":"AI Grading successful for Session 6a02df012f881b44e6c81090, writing Task 2","service":"letscrack-backend","timestamp":"2026-05-12 13:34:40"}
{"level":"info","message":"Grading job 78 completed","service":"letscrack-backend","timestamp":"2026-05-12 13:34:40"}
{"level":"info","message":"User disconnected from socket: 69faf200edb3feccd209174c","service":"letscrack-backend","timestamp":"2026-05-12 13:36:36"}
{"level":"info","message":"User connected to socket: 69faf200edb3feccd209174c","service":"letscrack-backend","timestamp":"2026-05-12 13:36:36"}
{"level":"info","message":"User disconnected from socket: 69faf200edb3feccd209174c","service":"letscrack-backend","timestamp":"2026-05-12 13:36:51"}
{"level":"info","message":"User connected to socket: 69faf200edb3feccd209174c","service":"letscrack-backend","timestamp":"2026-05-12 13:36:51"}
{"level":"info","message":"User disconnected from socket: 69faf200edb3feccd209174c","service":"letscrack-backend","timestamp":"2026-05-12 13:37:00"}
{"level":"info","message":"User connected to socket: 69faf200edb3feccd209174c","service":"letscrack-backend","timestamp":"2026-05-12 13:37:00"}
{"level":"info","message":"User disconnected from socket: 69faf200edb3feccd209174c","service":"letscrack-backend","timestamp":"2026-05-12 13:44:19"}
{"level":"info","message":"[DEBUG] Writing getTask payload: {\n  testSetId: new ObjectId('69faea87abf221fae0f7e325'),\n  hasInstructions: true,\n  writingVideo: 'https://res.cloudinary.com/dn8rrk9jq/video/upload/v1778054320/lce-question-media/qdxikzddi9d9hvy3231t.mp4',\n  taskVideo: undefined\n}","service":"letscrack-backend","timestamp":"2026-05-12 13:44:48"}
{"level":"info","message":"[DEBUG] Writing getTask payload: {\n  testSetId: new ObjectId('69faea87abf221fae0f7e325'),\n  hasInstructions: true,\n  writingVideo: 'https://res.cloudinary.com/dn8rrk9jq/video/upload/v1778054320/lce-question-media/qdxikzddi9d9hvy3231t.mp4',\n  taskVideo: undefined\n}","service":"letscrack-backend","timestamp":"2026-05-12 13:44:48"}
{"level":"info","message":"Processing AI grading for Session 6a02e1782f881b44e6c8129e, writing Task 1 ","service":"letscrack-backend","timestamp":"2026-05-12 13:45:05"}
{"level":"info","message":"Starting Unified CELPIP writing grading (task 1)...","service":"letscrack-backend","timestamp":"2026-05-12 13:45:05"}
{"level":"info","message":"[DEBUG] Writing getTask payload: {\n  testSetId: new ObjectId('69faea87abf221fae0f7e325'),\n  hasInstructions: true,\n  writingVideo: 'https://res.cloudinary.com/dn8rrk9jq/video/upload/v1778054320/lce-question-media/qdxikzddi9d9hvy3231t.mp4',\n  taskVideo: undefined\n}","service":"letscrack-backend","timestamp":"2026-05-12 13:45:05"}
{"level":"info","message":"[DEBUG] Writing getTask payload: {\n  testSetId: new ObjectId('69faea87abf221fae0f7e325'),\n  hasInstructions: true,\n  writingVideo: 'https://res.cloudinary.com/dn8rrk9jq/video/upload/v1778054320/lce-question-media/qdxikzddi9d9hvy3231t.mp4',\n  taskVideo: undefined\n}","service":"letscrack-backend","timestamp":"2026-05-12 13:45:09"}
{"level":"info","message":"Unified CELPIP AI Writing grading completed successfully","service":"letscrack-backend","timestamp":"2026-05-12 13:45:16"}
{"level":"info","message":"AI Grading successful for Session 6a02e1782f881b44e6c8129e, writing Task 1","service":"letscrack-backend","timestamp":"2026-05-12 13:45:16"}
{"level":"info","message":"Grading job 79 completed","service":"letscrack-backend","timestamp":"2026-05-12 13:45:16"}
{"level":"info","message":"Processing AI grading for Session 6a02e1782f881b44e6c8129e, writing Task 1 ","service":"letscrack-backend","timestamp":"2026-05-12 13:45:30"}
{"level":"info","message":"Starting Unified CELPIP writing grading (task 1)...","service":"letscrack-backend","timestamp":"2026-05-12 13:45:30"}
{"level":"info","message":"[DEBUG] Writing getTask payload: {\n  testSetId: new ObjectId('69faea87abf221fae0f7e325'),\n  hasInstructions: true,\n  writingVideo: 'https://res.cloudinary.com/dn8rrk9jq/video/upload/v1778054320/lce-question-media/qdxikzddi9d9hvy3231t.mp4',\n  taskVideo: undefined\n}","service":"letscrack-backend","timestamp":"2026-05-12 13:45:30"}
{"level":"info","message":"Unified CELPIP AI Writing grading completed successfully","service":"letscrack-backend","timestamp":"2026-05-12 13:45:42"}
{"level":"info","message":"AI Grading successful for Session 6a02e1782f881b44e6c8129e, writing Task 1","service":"letscrack-backend","timestamp":"2026-05-12 13:45:42"}
{"level":"info","message":"Grading job 80 completed","service":"letscrack-backend","timestamp":"2026-05-12 13:45:42"}
{"level":"info","message":"Processing AI grading for Session 6a02e1782f881b44e6c8129e, writing Task 2 ","service":"letscrack-backend","timestamp":"2026-05-12 13:45:45"}
{"level":"info","message":"Starting Unified CELPIP writing grading (task 2)...","service":"letscrack-backend","timestamp":"2026-05-12 13:45:45"}
{"level":"info","message":"User connected to socket: 69faf200edb3feccd209174c","service":"letscrack-backend","timestamp":"2026-05-12 13:45:45"}
{"level":"info","message":"Unified CELPIP AI Writing grading completed successfully","service":"letscrack-backend","timestamp":"2026-05-12 13:45:55"}
{"level":"info","message":"AI Grading successful for Session 6a02e1782f881b44e6c8129e, writing Task 2","service":"letscrack-backend","timestamp":"2026-05-12 13:45:55"}
{"level":"info","message":"Grading job 81 completed","service":"letscrack-backend","timestamp":"2026-05-12 13:45:55"}
{"level":"info","message":"User disconnected from socket: 69faf200edb3feccd209174c","service":"letscrack-backend","timestamp":"2026-05-12 13:46:06"}
{"level":"info","message":"[DEBUG] Writing getTask payload: {\n  testSetId: new ObjectId('69faea87abf221fae0f7e325'),\n  hasInstructions: true,\n  writingVideo: 'https://res.cloudinary.com/dn8rrk9jq/video/upload/v1778054320/lce-question-media/qdxikzddi9d9hvy3231t.mp4',\n  taskVideo: undefined\n}","service":"letscrack-backend","timestamp":"2026-05-12 13:46:13"}
{"level":"info","message":"[DEBUG] Writing getTask payload: {\n  testSetId: new ObjectId('69faea87abf221fae0f7e325'),\n  hasInstructions: true,\n  writingVideo: 'https://res.cloudinary.com/dn8rrk9jq/video/upload/v1778054320/lce-question-media/qdxikzddi9d9hvy3231t.mp4',\n  taskVideo: undefined\n}","service":"letscrack-backend","timestamp":"2026-05-12 13:46:13"}
{"level":"info","message":"[DEBUG] Writing getTask payload: {\n  testSetId: new ObjectId('69faea87abf221fae0f7e325'),\n  hasInstructions: true,\n  writingVideo: 'https://res.cloudinary.com/dn8rrk9jq/video/upload/v1778054320/lce-question-media/qdxikzddi9d9hvy3231t.mp4',\n  taskVideo: undefined\n}","service":"letscrack-backend","timestamp":"2026-05-12 13:46:37"}
{"level":"info","message":"[DEBUG] Writing getTask payload: {\n  testSetId: new ObjectId('69faea87abf221fae0f7e325'),\n  hasInstructions: true,\n  writingVideo: 'https://res.cloudinary.com/dn8rrk9jq/video/upload/v1778054320/lce-question-media/qdxikzddi9d9hvy3231t.mp4',\n  taskVideo: undefined\n}","service":"letscrack-backend","timestamp":"2026-05-12 13:46:37"}
{"level":"info","message":"User disconnected from socket: 69faf200edb3feccd209174c","service":"letscrack-backend","timestamp":"2026-05-12 13:49:17"}
{"level":"info","message":"User connected to socket: 69faf200edb3feccd209174c","service":"letscrack-backend","timestamp":"2026-05-12 13:49:18"}
{"level":"info","message":"[DEBUG] Writing getTask payload: {\n  testSetId: new ObjectId('69faea87abf221fae0f7e325'),\n  hasInstructions: true,\n  writingVideo: 'https://res.cloudinary.com/dn8rrk9jq/video/upload/v1778054320/lce-question-media/qdxikzddi9d9hvy3231t.mp4',\n  taskVideo: undefined\n}","service":"letscrack-backend","timestamp":"2026-05-12 13:54:39"}
{"level":"info","message":"[DEBUG] Writing getTask payload: {\n  testSetId: new ObjectId('69faea87abf221fae0f7e325'),\n  hasInstructions: true,\n  writingVideo: 'https://res.cloudinary.com/dn8rrk9jq/video/upload/v1778054320/lce-question-media/qdxikzddi9d9hvy3231t.mp4',\n  taskVideo: undefined\n}","service":"letscrack-backend","timestamp":"2026-05-12 13:54:39"}
{"level":"info","message":"User connected to socket: 69faf200edb3feccd209174c","service":"letscrack-backend","timestamp":"2026-05-12 13:54:51"}
{"level":"info","message":"User disconnected from socket: 69faf200edb3feccd209174c","service":"letscrack-backend","timestamp":"2026-05-12 13:54:53"}
{"level":"info","message":"[DEBUG] Writing getTask payload: {\n  testSetId: new ObjectId('69faea87abf221fae0f7e325'),\n  hasInstructions: true,\n  writingVideo: 'https://res.cloudinary.com/dn8rrk9jq/video/upload/v1778054320/lce-question-media/qdxikzddi9d9hvy3231t.mp4',\n  taskVideo: undefined\n}","service":"letscrack-backend","timestamp":"2026-05-12 13:55:00"}
{"level":"info","message":"[DEBUG] Writing getTask payload: {\n  testSetId: new ObjectId('69faea87abf221fae0f7e325'),\n  hasInstructions: true,\n  writingVideo: 'https://res.cloudinary.com/dn8rrk9jq/video/upload/v1778054320/lce-question-media/qdxikzddi9d9hvy3231t.mp4',\n  taskVideo: undefined\n}","service":"letscrack-backend","timestamp":"2026-05-12 13:55:00"}
{"level":"info","message":"[DEBUG] Writing getTask payload: {\n  testSetId: new ObjectId('69faea87abf221fae0f7e325'),\n  hasInstructions: true,\n  writingVideo: 'https://res.cloudinary.com/dn8rrk9jq/video/upload/v1778054320/lce-question-media/qdxikzddi9d9hvy3231t.mp4',\n  taskVideo: undefined\n}","service":"letscrack-backend","timestamp":"2026-05-12 13:56:04"}
{"level":"info","message":"[DEBUG] Writing getTask payload: {\n  testSetId: new ObjectId('69faea87abf221fae0f7e325'),\n  hasInstructions: true,\n  writingVideo: 'https://res.cloudinary.com/dn8rrk9jq/video/upload/v1778054320/lce-question-media/qdxikzddi9d9hvy3231t.mp4',\n  taskVideo: undefined\n}","service":"letscrack-backend","timestamp":"2026-05-12 13:56:04"}
{"level":"info","message":"[DEBUG] Writing getTask payload: {\n  testSetId: new ObjectId('69faea87abf221fae0f7e325'),\n  hasInstructions: true,\n  writingVideo: 'https://res.cloudinary.com/dn8rrk9jq/video/upload/v1778054320/lce-question-media/qdxikzddi9d9hvy3231t.mp4',\n  taskVideo: undefined\n}","service":"letscrack-backend","timestamp":"2026-05-12 13:56:54"}
{"level":"info","message":"[DEBUG] Writing getTask payload: {\n  testSetId: new ObjectId('69faea87abf221fae0f7e325'),\n  hasInstructions: true,\n  writingVideo: 'https://res.cloudinary.com/dn8rrk9jq/video/upload/v1778054320/lce-question-media/qdxikzddi9d9hvy3231t.mp4',\n  taskVideo: undefined\n}","service":"letscrack-backend","timestamp":"2026-05-12 13:56:54"}
{"level":"info","message":"User disconnected from socket: 69faf200edb3feccd209174c","service":"letscrack-backend","timestamp":"2026-05-12 13:58:31"}
{"level":"info","message":"User connected to socket: 69faf200edb3feccd209174c","service":"letscrack-backend","timestamp":"2026-05-12 13:58:31"}
{"level":"info","message":"User disconnected from socket: 69faf200edb3feccd209174c","service":"letscrack-backend","timestamp":"2026-05-12 13:59:14"}
{"level":"info","message":"[DEBUG] Writing getTask payload: {\n  testSetId: new ObjectId('69faea87abf221fae0f7e325'),\n  hasInstructions: true,\n  writingVideo: 'https://res.cloudinary.com/dn8rrk9jq/video/upload/v1778054320/lce-question-media/qdxikzddi9d9hvy3231t.mp4',\n  taskVideo: undefined\n}","service":"letscrack-backend","timestamp":"2026-05-12 13:59:21"}
{"level":"info","message":"[DEBUG] Writing getTask payload: {\n  testSetId: new ObjectId('69faea87abf221fae0f7e325'),\n  hasInstructions: true,\n  writingVideo: 'https://res.cloudinary.com/dn8rrk9jq/video/upload/v1778054320/lce-question-media/qdxikzddi9d9hvy3231t.mp4',\n  taskVideo: undefined\n}","service":"letscrack-backend","timestamp":"2026-05-12 13:59:21"}
{"level":"info","message":"[DEBUG] Writing getTask payload: {\n  testSetId: new ObjectId('69faea87abf221fae0f7e325'),\n  hasInstructions: true,\n  writingVideo: 'https://res.cloudinary.com/dn8rrk9jq/video/upload/v1778054320/lce-question-media/qdxikzddi9d9hvy3231t.mp4',\n  taskVideo: undefined\n}","service":"letscrack-backend","timestamp":"2026-05-12 14:01:39"}
{"level":"info","message":"[DEBUG] Writing getTask payload: {\n  testSetId: new ObjectId('69faea87abf221fae0f7e325'),\n  hasInstructions: true,\n  writingVideo: 'https://res.cloudinary.com/dn8rrk9jq/video/upload/v1778054320/lce-question-media/qdxikzddi9d9hvy3231t.mp4',\n  taskVideo: undefined\n}","service":"letscrack-backend","timestamp":"2026-05-12 14:01:39"}
{"level":"info","message":"[DEBUG] Writing getTask payload: {\n  testSetId: new ObjectId('69faea87abf221fae0f7e325'),\n  hasInstructions: true,\n  writingVideo: 'https://res.cloudinary.com/dn8rrk9jq/video/upload/v1778054320/lce-question-media/qdxikzddi9d9hvy3231t.mp4',\n  taskVideo: undefined\n}","service":"letscrack-backend","timestamp":"2026-05-12 14:03:13"}
{"level":"info","message":"[DEBUG] Writing getTask payload: {\n  testSetId: new ObjectId('69faea87abf221fae0f7e325'),\n  hasInstructions: true,\n  writingVideo: 'https://res.cloudinary.com/dn8rrk9jq/video/upload/v1778054320/lce-question-media/qdxikzddi9d9hvy3231t.mp4',\n  taskVideo: undefined\n}","service":"letscrack-backend","timestamp":"2026-05-12 14:03:13"}
{"level":"info","message":"[DEBUG] Writing getTask payload: {\n  testSetId: new ObjectId('69faea87abf221fae0f7e325'),\n  hasInstructions: true,\n  writingVideo: 'https://res.cloudinary.com/dn8rrk9jq/video/upload/v1778054320/lce-question-media/qdxikzddi9d9hvy3231t.mp4',\n  taskVideo: undefined\n}","service":"letscrack-backend","timestamp":"2026-05-12 14:03:21"}
{"level":"info","message":"[DEBUG] Writing getTask payload: {\n  testSetId: new ObjectId('69faea87abf221fae0f7e325'),\n  hasInstructions: true,\n  writingVideo: 'https://res.cloudinary.com/dn8rrk9jq/video/upload/v1778054320/lce-question-media/qdxikzddi9d9hvy3231t.mp4',\n  taskVideo: undefined\n}","service":"letscrack-backend","timestamp":"2026-05-12 14:03:21"}
{"level":"info","message":"[DEBUG] Writing getTask payload: {\n  testSetId: new ObjectId('69faea87abf221fae0f7e325'),\n  hasInstructions: true,\n  writingVideo: 'https://res.cloudinary.com/dn8rrk9jq/video/upload/v1778054320/lce-question-media/qdxikzddi9d9hvy3231t.mp4',\n  taskVideo: undefined\n}","service":"letscrack-backend","timestamp":"2026-05-12 14:04:46"}
{"level":"info","message":"[DEBUG] Writing getTask payload: {\n  testSetId: new ObjectId('69faea87abf221fae0f7e325'),\n  hasInstructions: true,\n  writingVideo: 'https://res.cloudinary.com/dn8rrk9jq/video/upload/v1778054320/lce-question-media/qdxikzddi9d9hvy3231t.mp4',\n  taskVideo: undefined\n}","service":"letscrack-backend","timestamp":"2026-05-12 14:04:46"}
{"level":"info","message":"[DEBUG] Writing getTask payload: {\n  testSetId: new ObjectId('69faea87abf221fae0f7e325'),\n  hasInstructions: true,\n  writingVideo: 'https://res.cloudinary.com/dn8rrk9jq/video/upload/v1778054320/lce-question-media/qdxikzddi9d9hvy3231t.mp4',\n  taskVideo: undefined\n}","service":"letscrack-backend","timestamp":"2026-05-12 14:05:07"}
{"level":"info","message":"[DEBUG] Writing getTask payload: {\n  testSetId: new ObjectId('69faea87abf221fae0f7e325'),\n  hasInstructions: true,\n  writingVideo: 'https://res.cloudinary.com/dn8rrk9jq/video/upload/v1778054320/lce-question-media/qdxikzddi9d9hvy3231t.mp4',\n  taskVideo: undefined\n}","service":"letscrack-backend","timestamp":"2026-05-12 14:05:11"}
{"level":"info","message":"[DEBUG] Writing getTask payload: {\n  testSetId: new ObjectId('69faea87abf221fae0f7e325'),\n  hasInstructions: true,\n  writingVideo: 'https://res.cloudinary.com/dn8rrk9jq/video/upload/v1778054320/lce-question-media/qdxikzddi9d9hvy3231t.mp4',\n  taskVideo: undefined\n}","service":"letscrack-backend","timestamp":"2026-05-12 14:05:11"}
{"level":"info","message":"[DEBUG] Writing getTask payload: {\n  testSetId: new ObjectId('69faea87abf221fae0f7e325'),\n  hasInstructions: true,\n  writingVideo: 'https://res.cloudinary.com/dn8rrk9jq/video/upload/v1778054320/lce-question-media/qdxikzddi9d9hvy3231t.mp4',\n  taskVideo: undefined\n}","service":"letscrack-backend","timestamp":"2026-05-12 14:06:16"}
{"level":"info","message":"[DEBUG] Writing getTask payload: {\n  testSetId: new ObjectId('69faea87abf221fae0f7e325'),\n  hasInstructions: true,\n  writingVideo: 'https://res.cloudinary.com/dn8rrk9jq/video/upload/v1778054320/lce-question-media/qdxikzddi9d9hvy3231t.mp4',\n  taskVideo: undefined\n}","service":"letscrack-backend","timestamp":"2026-05-12 14:06:16"}
{"level":"info","message":"[DEBUG] Writing getTask payload: {\n  testSetId: new ObjectId('69faea87abf221fae0f7e325'),\n  hasInstructions: true,\n  writingVideo: 'https://res.cloudinary.com/dn8rrk9jq/video/upload/v1778054320/lce-question-media/qdxikzddi9d9hvy3231t.mp4',\n  taskVideo: undefined\n}","service":"letscrack-backend","timestamp":"2026-05-12 14:08:15"}
{"level":"info","message":"[DEBUG] Writing getTask payload: {\n  testSetId: new ObjectId('69faea87abf221fae0f7e325'),\n  hasInstructions: true,\n  writingVideo: 'https://res.cloudinary.com/dn8rrk9jq/video/upload/v1778054320/lce-question-media/qdxikzddi9d9hvy3231t.mp4',\n  taskVideo: undefined\n}","service":"letscrack-backend","timestamp":"2026-05-12 14:08:15"}
{"level":"info","message":"[DEBUG] Writing getTask payload: {\n  testSetId: new ObjectId('69faea87abf221fae0f7e325'),\n  hasInstructions: true,\n  writingVideo: 'https://res.cloudinary.com/dn8rrk9jq/video/upload/v1778054320/lce-question-media/qdxikzddi9d9hvy3231t.mp4',\n  taskVideo: undefined\n}","service":"letscrack-backend","timestamp":"2026-05-12 14:08:26"}
{"level":"info","message":"[DEBUG] Writing getTask payload: {\n  testSetId: new ObjectId('69faea87abf221fae0f7e325'),\n  hasInstructions: true,\n  writingVideo: 'https://res.cloudinary.com/dn8rrk9jq/video/upload/v1778054320/lce-question-media/qdxikzddi9d9hvy3231t.mp4',\n  taskVideo: undefined\n}","service":"letscrack-backend","timestamp":"2026-05-12 14:08:26"}
{"level":"info","message":"[DEBUG] Writing getTask payload: {\n  testSetId: new ObjectId('69faea87abf221fae0f7e325'),\n  hasInstructions: true,\n  writingVideo: 'https://res.cloudinary.com/dn8rrk9jq/video/upload/v1778054320/lce-question-media/qdxikzddi9d9hvy3231t.mp4',\n  taskVideo: undefined\n}","service":"letscrack-backend","timestamp":"2026-05-12 14:08:31"}
{"level":"info","message":"[DEBUG] Writing getTask payload: {\n  testSetId: new ObjectId('69faea87abf221fae0f7e325'),\n  hasInstructions: true,\n  writingVideo: 'https://res.cloudinary.com/dn8rrk9jq/video/upload/v1778054320/lce-question-media/qdxikzddi9d9hvy3231t.mp4',\n  taskVideo: undefined\n}","service":"letscrack-backend","timestamp":"2026-05-12 14:08:31"}
{"level":"info","message":"[DEBUG] Writing getTask payload: {\n  testSetId: new ObjectId('69faea87abf221fae0f7e325'),\n  hasInstructions: true,\n  writingVideo: 'https://res.cloudinary.com/dn8rrk9jq/video/upload/v1778054320/lce-question-media/qdxikzddi9d9hvy3231t.mp4',\n  taskVideo: undefined\n}","service":"letscrack-backend","timestamp":"2026-05-12 14:09:46"}
{"level":"info","message":"[DEBUG] Writing getTask payload: {\n  testSetId: new ObjectId('69faea87abf221fae0f7e325'),\n  hasInstructions: true,\n  writingVideo: 'https://res.cloudinary.com/dn8rrk9jq/video/upload/v1778054320/lce-question-media/qdxikzddi9d9hvy3231t.mp4',\n  taskVideo: undefined\n}","service":"letscrack-backend","timestamp":"2026-05-12 14:09:46"}
{"level":"info","message":"[DEBUG] Writing getTask payload: {\n  testSetId: new ObjectId('69faea87abf221fae0f7e325'),\n  hasInstructions: true,\n  writingVideo: 'https://res.cloudinary.com/dn8rrk9jq/video/upload/v1778054320/lce-question-media/qdxikzddi9d9hvy3231t.mp4',\n  taskVideo: undefined\n}","service":"letscrack-backend","timestamp":"2026-05-12 14:11:16"}
{"level":"info","message":"[DEBUG] Writing getTask payload: {\n  testSetId: new ObjectId('69faea87abf221fae0f7e325'),\n  hasInstructions: true,\n  writingVideo: 'https://res.cloudinary.com/dn8rrk9jq/video/upload/v1778054320/lce-question-media/qdxikzddi9d9hvy3231t.mp4',\n  taskVideo: undefined\n}","service":"letscrack-backend","timestamp":"2026-05-12 14:11:16"}
{"level":"info","message":"[DEBUG] Writing getTask payload: {\n  testSetId: new ObjectId('69faea87abf221fae0f7e325'),\n  hasInstructions: true,\n  writingVideo: 'https://res.cloudinary.com/dn8rrk9jq/video/upload/v1778054320/lce-question-media/qdxikzddi9d9hvy3231t.mp4',\n  taskVideo: undefined\n}","service":"letscrack-backend","timestamp":"2026-05-12 14:13:37"}
{"level":"info","message":"[DEBUG] Writing getTask payload: {\n  testSetId: new ObjectId('69faea87abf221fae0f7e325'),\n  hasInstructions: true,\n  writingVideo: 'https://res.cloudinary.com/dn8rrk9jq/video/upload/v1778054320/lce-question-media/qdxikzddi9d9hvy3231t.mp4',\n  taskVideo: undefined\n}","service":"letscrack-backend","timestamp":"2026-05-12 14:13:37"}
{"level":"info","message":"[DEBUG] Writing getTask payload: {\n  testSetId: new ObjectId('69faea87abf221fae0f7e325'),\n  hasInstructions: true,\n  writingVideo: 'https://res.cloudinary.com/dn8rrk9jq/video/upload/v1778054320/lce-question-media/qdxikzddi9d9hvy3231t.mp4',\n  taskVideo: undefined\n}","service":"letscrack-backend","timestamp":"2026-05-12 14:13:51"}
{"level":"info","message":"[DEBUG] Writing getTask payload: {\n  testSetId: new ObjectId('69faea87abf221fae0f7e325'),\n  hasInstructions: true,\n  writingVideo: 'https://res.cloudinary.com/dn8rrk9jq/video/upload/v1778054320/lce-question-media/qdxikzddi9d9hvy3231t.mp4',\n  taskVideo: undefined\n}","service":"letscrack-backend","timestamp":"2026-05-12 14:13:51"}
{"level":"info","message":"[DEBUG] Writing getTask payload: {\n  testSetId: new ObjectId('69faea87abf221fae0f7e325'),\n  hasInstructions: true,\n  writingVideo: 'https://res.cloudinary.com/dn8rrk9jq/video/upload/v1778054320/lce-question-media/qdxikzddi9d9hvy3231t.mp4',\n  taskVideo: undefined\n}","service":"letscrack-backend","timestamp":"2026-05-12 14:14:26"}
{"level":"info","message":"[DEBUG] Writing getTask payload: {\n  testSetId: new ObjectId('69faea87abf221fae0f7e325'),\n  hasInstructions: true,\n  writingVideo: 'https://res.cloudinary.com/dn8rrk9jq/video/upload/v1778054320/lce-question-media/qdxikzddi9d9hvy3231t.mp4',\n  taskVideo: undefined\n}","service":"letscrack-backend","timestamp":"2026-05-12 14:14:26"}
{"level":"info","message":"[DEBUG] Writing getTask payload: {\n  testSetId: new ObjectId('69faea87abf221fae0f7e325'),\n  hasInstructions: true,\n  writingVideo: 'https://res.cloudinary.com/dn8rrk9jq/video/upload/v1778054320/lce-question-media/qdxikzddi9d9hvy3231t.mp4',\n  taskVideo: undefined\n}","service":"letscrack-backend","timestamp":"2026-05-12 14:21:16"}
{"level":"info","message":"[DEBUG] Writing getTask payload: {\n  testSetId: new ObjectId('69faea87abf221fae0f7e325'),\n  hasInstructions: true,\n  writingVideo: 'https://res.cloudinary.com/dn8rrk9jq/video/upload/v1778054320/lce-question-media/qdxikzddi9d9hvy3231t.mp4',\n  taskVideo: undefined\n}","service":"letscrack-backend","timestamp":"2026-05-12 14:21:16"}
{"level":"info","message":"[DEBUG] Writing getTask payload: {\n  testSetId: new ObjectId('69faea87abf221fae0f7e325'),\n  hasInstructions: true,\n  writingVideo: 'https://res.cloudinary.com/dn8rrk9jq/video/upload/v1778054320/lce-question-media/qdxikzddi9d9hvy3231t.mp4',\n  taskVideo: undefined\n}","service":"letscrack-backend","timestamp":"2026-05-12 14:21:43"}
{"level":"info","message":"[DEBUG] Writing getTask payload: {\n  testSetId: new ObjectId('69faea87abf221fae0f7e325'),\n  hasInstructions: true,\n  writingVideo: 'https://res.cloudinary.com/dn8rrk9jq/video/upload/v1778054320/lce-question-media/qdxikzddi9d9hvy3231t.mp4',\n  taskVideo: undefined\n}","service":"letscrack-backend","timestamp":"2026-05-12 14:21:45"}
{"level":"info","message":"[DEBUG] Writing getTask payload: {\n  testSetId: new ObjectId('69faea87abf221fae0f7e325'),\n  hasInstructions: true,\n  writingVideo: 'https://res.cloudinary.com/dn8rrk9jq/video/upload/v1778054320/lce-question-media/qdxikzddi9d9hvy3231t.mp4',\n  taskVideo: undefined\n}","service":"letscrack-backend","timestamp":"2026-05-12 14:26:05"}
{"level":"info","message":"[DEBUG] Writing getTask payload: {\n  testSetId: new ObjectId('69faea87abf221fae0f7e325'),\n  hasInstructions: true,\n  writingVideo: 'https://res.cloudinary.com/dn8rrk9jq/video/upload/v1778054320/lce-question-media/qdxikzddi9d9hvy3231t.mp4',\n  taskVideo: undefined\n}","service":"letscrack-backend","timestamp":"2026-05-12 14:26:05"}
{"level":"info","message":"[DEBUG] Writing getTask payload: {\n  testSetId: new ObjectId('69faea87abf221fae0f7e325'),\n  hasInstructions: true,\n  writingVideo: 'https://res.cloudinary.com/dn8rrk9jq/video/upload/v1778054320/lce-question-media/qdxikzddi9d9hvy3231t.mp4',\n  taskVideo: undefined\n}","service":"letscrack-backend","timestamp":"2026-05-12 14:28:45"}
{"level":"info","message":"[DEBUG] Writing getTask payload: {\n  testSetId: new ObjectId('69faea87abf221fae0f7e325'),\n  hasInstructions: true,\n  writingVideo: 'https://res.cloudinary.com/dn8rrk9jq/video/upload/v1778054320/lce-question-media/qdxikzddi9d9hvy3231t.mp4',\n  taskVideo: undefined\n}","service":"letscrack-backend","timestamp":"2026-05-12 14:28:45"}
{"level":"info","message":"[DEBUG] Writing getTask payload: {\n  testSetId: new ObjectId('69faea87abf221fae0f7e325'),\n  hasInstructions: true,\n  writingVideo: 'https://res.cloudinary.com/dn8rrk9jq/video/upload/v1778054320/lce-question-media/qdxikzddi9d9hvy3231t.mp4',\n  taskVideo: undefined\n}","service":"letscrack-backend","timestamp":"2026-05-12 14:29:23"}
{"level":"info","message":"[DEBUG] Writing getTask payload: {\n  testSetId: new ObjectId('69faea87abf221fae0f7e325'),\n  hasInstructions: true,\n  writingVideo: 'https://res.cloudinary.com/dn8rrk9jq/video/upload/v1778054320/lce-question-media/qdxikzddi9d9hvy3231t.mp4',\n  taskVideo: undefined\n}","service":"letscrack-backend","timestamp":"2026-05-12 14:29:23"}
{"level":"info","message":"[DEBUG] Writing getTask payload: {\n  testSetId: new ObjectId('69faea87abf221fae0f7e325'),\n  hasInstructions: true,\n  writingVideo: 'https://res.cloudinary.com/dn8rrk9jq/video/upload/v1778054320/lce-question-media/qdxikzddi9d9hvy3231t.mp4',\n  taskVideo: undefined\n}","service":"letscrack-backend","timestamp":"2026-05-12 14:30:31"}
{"level":"info","message":"[DEBUG] Writing getTask payload: {\n  testSetId: new ObjectId('69faea87abf221fae0f7e325'),\n  hasInstructions: true,\n  writingVideo: 'https://res.cloudinary.com/dn8rrk9jq/video/upload/v1778054320/lce-question-media/qdxikzddi9d9hvy3231t.mp4',\n  taskVideo: undefined\n}","service":"letscrack-backend","timestamp":"2026-05-12 14:30:31"}
{"level":"info","message":"[DEBUG] Writing getTask payload: {\n  testSetId: new ObjectId('69faea87abf221fae0f7e325'),\n  hasInstructions: true,\n  writingVideo: 'https://res.cloudinary.com/dn8rrk9jq/video/upload/v1778054320/lce-question-media/qdxikzddi9d9hvy3231t.mp4',\n  taskVideo: undefined\n}","service":"letscrack-backend","timestamp":"2026-05-12 14:30:45"}
{"level":"info","message":"[DEBUG] Writing getTask payload: {\n  testSetId: new ObjectId('69faea87abf221fae0f7e325'),\n  hasInstructions: true,\n  writingVideo: 'https://res.cloudinary.com/dn8rrk9jq/video/upload/v1778054320/lce-question-media/qdxikzddi9d9hvy3231t.mp4',\n  taskVideo: undefined\n}","service":"letscrack-backend","timestamp":"2026-05-12 14:30:54"}
{"level":"info","message":"[DEBUG] Writing getTask payload: {\n  testSetId: new ObjectId('69faea87abf221fae0f7e325'),\n  hasInstructions: true,\n  writingVideo: 'https://res.cloudinary.com/dn8rrk9jq/video/upload/v1778054320/lce-question-media/qdxikzddi9d9hvy3231t.mp4',\n  taskVideo: undefined\n}","service":"letscrack-backend","timestamp":"2026-05-12 14:30:54"}
{"level":"info","message":"[DEBUG] Writing getTask payload: {\n  testSetId: new ObjectId('69faea87abf221fae0f7e325'),\n  hasInstructions: true,\n  writingVideo: 'https://res.cloudinary.com/dn8rrk9jq/video/upload/v1778054320/lce-question-media/qdxikzddi9d9hvy3231t.mp4',\n  taskVideo: undefined\n}","service":"letscrack-backend","timestamp":"2026-05-12 14:31:54"}
{"level":"info","message":"[DEBUG] Writing getTask payload: {\n  testSetId: new ObjectId('69faea87abf221fae0f7e325'),\n  hasInstructions: true,\n  writingVideo: 'https://res.cloudinary.com/dn8rrk9jq/video/upload/v1778054320/lce-question-media/qdxikzddi9d9hvy3231t.mp4',\n  taskVideo: undefined\n}","service":"letscrack-backend","timestamp":"2026-05-12 14:31:54"}
{"level":"info","message":"[DEBUG] Writing getTask payload: {\n  testSetId: new ObjectId('69faea87abf221fae0f7e325'),\n  hasInstructions: true,\n  writingVideo: 'https://res.cloudinary.com/dn8rrk9jq/video/upload/v1778054320/lce-question-media/qdxikzddi9d9hvy3231t.mp4',\n  taskVideo: undefined\n}","service":"letscrack-backend","timestamp":"2026-05-12 14:31:55"}
{"level":"info","message":"[DEBUG] Writing getTask payload: {\n  testSetId: new ObjectId('69faea87abf221fae0f7e325'),\n  hasInstructions: true,\n  writingVideo: 'https://res.cloudinary.com/dn8rrk9jq/video/upload/v1778054320/lce-question-media/qdxikzddi9d9hvy3231t.mp4',\n  taskVideo: undefined\n}","service":"letscrack-backend","timestamp":"2026-05-12 14:32:35"}
{"level":"info","message":"[DEBUG] Writing getTask payload: {\n  testSetId: new ObjectId('69faea87abf221fae0f7e325'),\n  hasInstructions: true,\n  writingVideo: 'https://res.cloudinary.com/dn8rrk9jq/video/upload/v1778054320/lce-question-media/qdxikzddi9d9hvy3231t.mp4',\n  taskVideo: undefined\n}","service":"letscrack-backend","timestamp":"2026-05-12 14:32:35"}
{"level":"info","message":"[DEBUG] Writing getTask payload: {\n  testSetId: new ObjectId('69faea87abf221fae0f7e325'),\n  hasInstructions: true,\n  writingVideo: 'https://res.cloudinary.com/dn8rrk9jq/video/upload/v1778054320/lce-question-media/qdxikzddi9d9hvy3231t.mp4',\n  taskVideo: undefined\n}","service":"letscrack-backend","timestamp":"2026-05-12 14:32:35"}
{"level":"info","message":"[DEBUG] Writing getTask payload: {\n  testSetId: new ObjectId('69faea87abf221fae0f7e325'),\n  hasInstructions: true,\n  writingVideo: 'https://res.cloudinary.com/dn8rrk9jq/video/upload/v1778054320/lce-question-media/qdxikzddi9d9hvy3231t.mp4',\n  taskVideo: undefined\n}","service":"letscrack-backend","timestamp":"2026-05-12 14:36:27"}
{"level":"info","message":"[DEBUG] Writing getTask payload: {\n  testSetId: new ObjectId('69faea87abf221fae0f7e325'),\n  hasInstructions: true,\n  writingVideo: 'https://res.cloudinary.com/dn8rrk9jq/video/upload/v1778054320/lce-question-media/qdxikzddi9d9hvy3231t.mp4',\n  taskVideo: undefined\n}","service":"letscrack-backend","timestamp":"2026-05-12 14:36:28"}
{"level":"info","message":"[DEBUG] Writing getTask payload: {\n  testSetId: new ObjectId('69faea87abf221fae0f7e325'),\n  hasInstructions: true,\n  writingVideo: 'https://res.cloudinary.com/dn8rrk9jq/video/upload/v1778054320/lce-question-media/qdxikzddi9d9hvy3231t.mp4',\n  taskVideo: undefined\n}","service":"letscrack-backend","timestamp":"2026-05-12 14:38:47"}
{"level":"info","message":"[DEBUG] Writing getTask payload: {\n  testSetId: new ObjectId('69faea87abf221fae0f7e325'),\n  hasInstructions: true,\n  writingVideo: 'https://res.cloudinary.com/dn8rrk9jq/video/upload/v1778054320/lce-question-media/qdxikzddi9d9hvy3231t.mp4',\n  taskVideo: undefined\n}","service":"letscrack-backend","timestamp":"2026-05-12 14:38:47"}
